<?xml version="1.0" encoding="UTF-8"?>
<testng-results skipped="0" failed="0" total="1" passed="1">
  <reporter-output>
  </reporter-output>
  <suite name="Suite" duration-ms="62557" started-at="2020-06-03T07:31:11Z" finished-at="2020-06-03T07:32:14Z">
    <groups>
      <group name="cucumber">
        <method signature="TestRun.feature(cucumber.api.testng.CucumberFeatureWrapper)[pri:0, instance:stepDefination.TestRun@1a84f40f]" name="feature" class="stepDefination.TestRun"/>
      </group> <!-- cucumber -->
    </groups>
    <test name="Test" duration-ms="62557" started-at="2020-06-03T07:31:11Z" finished-at="2020-06-03T07:32:14Z">
      <class name="stepDefination.TestRun">
        <test-method status="PASS" signature="setUp()[pri:0, instance:stepDefination.TestRun@1a84f40f]" name="setUp" is-config="true" duration-ms="382" started-at="2020-06-03T13:01:11Z" finished-at="2020-06-03T13:01:12Z">
          <reporter-output>
          </reporter-output>
        </test-method> <!-- setUp -->
        <test-method status="PASS" signature="feature(cucumber.api.testng.CucumberFeatureWrapper)[pri:0, instance:stepDefination.TestRun@1a84f40f]" name="feature" duration-ms="62001" started-at="2020-06-03T13:01:12Z" description="This is for testing" data-provider="features" finished-at="2020-06-03T13:02:14Z">
          <params>
            <param index="0">
              <value>
                <![CDATA[Facebook project]]>
              </value>
            </param>
          </params>
          <reporter-output>
          </reporter-output>
        </test-method> <!-- feature -->
        <test-method status="PASS" signature="tearDown()[pri:0, instance:stepDefination.TestRun@1a84f40f]" name="tearDown" is-config="true" duration-ms="58" started-at="2020-06-03T13:02:14Z" finished-at="2020-06-03T13:02:14Z">
          <reporter-output>
          </reporter-output>
        </test-method> <!-- tearDown -->
      </class> <!-- stepDefination.TestRun -->
    </test> <!-- Test -->
  </suite> <!-- Suite -->
</testng-results>
