<?xml version="1.0" encoding="UTF-8"?>
<testng-results ignored="0" total="1" passed="1" failed="0" skipped="0">
  <reporter-output>
  </reporter-output>
  <suite started-at="2020-06-05T08:39:45 IST" name="Default suite" finished-at="2020-06-05T08:40:48 IST" duration-ms="63221">
    <groups>
      <group name="cucumber">
        <method signature="TestRun.feature(cucumber.api.testng.CucumberFeatureWrapper)[pri:0, instance:stepDefination.TestRun@31d7b7bf]" name="feature" class="stepDefination.TestRun"/>
      </group> <!-- cucumber -->
    </groups>
    <test started-at="2020-06-05T08:39:45 IST" name="Default test" finished-at="2020-06-05T08:40:48 IST" duration-ms="63221">
      <class name="stepDefination.TestRun">
        <test-method is-config="true" signature="setUp()[pri:0, instance:stepDefination.TestRun@31d7b7bf]" started-at="2020-06-05T08:39:45 IST" name="setUp" finished-at="2020-06-05T08:39:47 IST" duration-ms="1872" status="PASS">
          <reporter-output>
          </reporter-output>
        </test-method> <!-- setUp -->
        <test-method signature="feature(cucumber.api.testng.CucumberFeatureWrapper)[pri:0, instance:stepDefination.TestRun@31d7b7bf]" started-at="2020-06-05T08:39:47 IST" name="feature" description="This is for testing" data-provider="features" finished-at="2020-06-05T08:40:48 IST" duration-ms="60713" status="PASS">
          <params>
            <param index="0">
              <value>
                <![CDATA[Facebook project]]>
              </value>
            </param>
          </params>
          <reporter-output>
          </reporter-output>
        </test-method> <!-- feature -->
        <test-method is-config="true" signature="tearDown()[pri:0, instance:stepDefination.TestRun@31d7b7bf]" started-at="2020-06-05T08:40:48 IST" name="tearDown" finished-at="2020-06-05T08:40:48 IST" duration-ms="185" status="PASS">
          <reporter-output>
          </reporter-output>
        </test-method> <!-- tearDown -->
      </class> <!-- stepDefination.TestRun -->
    </test> <!-- Default test -->
  </suite> <!-- Default suite -->
</testng-results>
